<?xml version="1.0" encoding="UTF-8"?>
<testsuite name="CircularArrayTest" tests="2" skipped="0" failures="0" errors="0" timestamp="2022-04-08T03:07:42" hostname="HP400" time="0.038">
  <properties/>
  <testcase name="rotateLeftTest()" classname="CircularArrayTest" time="0.023"/>
  <testcase name="rotateRightTest()" classname="CircularArrayTest" time="0.005"/>
  <system-out><![CDATA[]]></system-out>
  <system-err><![CDATA[]]></system-err>
</testsuite>
